This file contains any messages produced by compilers while
running configure, to aid debugging if configure makes a mistake.

It was created by configure, which was
generated by GNU Autoconf 2.67.  Invocation command line was

  $ ./configure 

## --------- ##
## Platform. ##
## --------- ##

hostname = bigue-Aspire-E1-531
uname -m = x86_64
uname -r = 3.19.0-77-generic
uname -s = Linux
uname -v = #85~14.04.1-Ubuntu SMP Mon Dec 5 11:19:02 UTC 2016

/usr/bin/uname -p = unknown
/bin/uname -X     = unknown

/bin/arch              = unknown
/usr/bin/arch -k       = unknown
/usr/convex/getsysinfo = unknown
/usr/bin/hostinfo      = unknown
/bin/machine           = unknown
/usr/bin/oslevel       = unknown
/bin/universe          = unknown

PATH: /home/bigue/.opam/system/bin
PATH: /usr/local/sbin
PATH: /usr/local/bin
PATH: /usr/sbin
PATH: /usr/bin
PATH: /sbin
PATH: /bin
PATH: /usr/games
PATH: /usr/local/games


## ----------- ##
## Core tests. ##
## ----------- ##

configure:1660: checking for ocamlc
configure:1676: found /usr/bin/ocamlc
configure:1688: result: ocamlc
configure:1717: checking for ocamlopt
configure:1733: found /usr/bin/ocamlopt
configure:1745: result: ocamlopt
configure:1758: checking ocamlopt version
configure:1766: result: ok
configure:1775: checking for ocamlc.opt
configure:1791: found /usr/bin/ocamlc.opt
configure:1803: result: ocamlc.opt
configure:1812: checking ocamlc.opt version
configure:1819: result: ok
configure:1829: checking for ocamlopt.opt
configure:1845: found /usr/bin/ocamlopt.opt
configure:1857: result: ocamlopt.opt
configure:1866: checking ocamlc.opt version
configure:1873: result: ok
configure:1883: checking for ocamldep
configure:1899: found /usr/bin/ocamldep
configure:1911: result: ocamldep
configure:1924: checking for ocamldep.opt
configure:1940: found /usr/bin/ocamldep.opt
configure:1952: result: ocamldep.opt
configure:1967: checking for ocamllex
configure:1983: found /usr/bin/ocamllex
configure:1995: result: ocamllex
configure:2008: checking for ocamllex.opt
configure:2024: found /usr/bin/ocamllex.opt
configure:2036: result: ocamllex.opt
configure:2051: checking for ocamlyacc
configure:2067: found /usr/bin/ocamlyacc
configure:2079: result: ocamlyacc
configure:2093: checking for ocamlweb
configure:2121: result: true
configure:2131: checking platform
configure:2306: creating ./config.status

## ---------------------- ##
## Running config.status. ##
## ---------------------- ##

This file was extended by config.status, which was
generated by GNU Autoconf 2.67.  Invocation command line was

  CONFIG_FILES    = 
  CONFIG_HEADERS  = 
  CONFIG_LINKS    = 
  CONFIG_COMMANDS = 
  $ ./config.status 

on bigue-Aspire-E1-531

config.status:737: creating Makefile
config.status:836: WARNING:  'Makefile.in' seems to ignore the --datarootdir setting

## ---------------- ##
## Cache variables. ##
## ---------------- ##

ac_cv_env_build_alias_set=
ac_cv_env_build_alias_value=
ac_cv_env_host_alias_set=
ac_cv_env_host_alias_value=
ac_cv_env_target_alias_set=
ac_cv_env_target_alias_value=
ac_cv_prog_OCAMLC=ocamlc
ac_cv_prog_OCAMLCDOTOPT=ocamlc.opt
ac_cv_prog_OCAMLDEP=ocamldep
ac_cv_prog_OCAMLDEPDOTOPT=ocamldep.opt
ac_cv_prog_OCAMLLEX=ocamllex
ac_cv_prog_OCAMLLEXDOTOPT=ocamllex.opt
ac_cv_prog_OCAMLOPT=ocamlopt
ac_cv_prog_OCAMLOPTDOTOPT=ocamlopt.opt
ac_cv_prog_OCAMLWEB=true
ac_cv_prog_OCAMLYACC=ocamlyacc

## ----------------- ##
## Output variables. ##
## ----------------- ##

DEFS='-DPACKAGE_NAME=\"\" -DPACKAGE_TARNAME=\"\" -DPACKAGE_VERSION=\"\" -DPACKAGE_STRING=\"\" -DPACKAGE_BUGREPORT=\"\" -DPACKAGE_URL=\"\"'
ECHO_C=''
ECHO_N='-n'
ECHO_T=''
EXE=''
LIBEXT='.a'
LIBOBJS=''
LIBS=''
LTLIBOBJS=''
OBJEXT='.o'
OCAMLBEST='opt'
OCAMLC='ocamlc.opt'
OCAMLCDOTOPT='ocamlc.opt'
OCAMLDEP='ocamldep.opt'
OCAMLDEPDOTOPT='ocamldep.opt'
OCAMLLEX='ocamllex.opt'
OCAMLLEXDOTOPT='ocamllex.opt'
OCAMLLIB='/usr/lib/ocaml'
OCAMLOPT='ocamlopt.opt'
OCAMLOPTDOTOPT='ocamlopt.opt'
OCAMLVERSION='4.02.3'
OCAMLWEB='true'
OCAMLWIN32='no'
OCAMLYACC='ocamlyacc'
PACKAGE_BUGREPORT=''
PACKAGE_NAME=''
PACKAGE_STRING=''
PACKAGE_TARNAME=''
PACKAGE_URL=''
PACKAGE_VERSION=''
PATH_SEPARATOR=':'
SHELL='/bin/bash'
bindir='${exec_prefix}/bin'
build_alias=''
datadir='${datarootdir}'
datarootdir='${prefix}/share'
docdir='${datarootdir}/doc/${PACKAGE}'
dvidir='${docdir}'
exec_prefix='${prefix}'
host_alias=''
htmldir='${docdir}'
includedir='${prefix}/include'
infodir='${datarootdir}/info'
libdir='${exec_prefix}/lib'
libexecdir='${exec_prefix}/libexec'
localedir='${datarootdir}/locale'
localstatedir='${prefix}/var'
mandir='${datarootdir}/man'
oldincludedir='/usr/include'
pdfdir='${docdir}'
prefix='/usr/local'
program_transform_name='s,x,x,'
psdir='${docdir}'
sbindir='${exec_prefix}/sbin'
sharedstatedir='${prefix}/com'
sysconfdir='${prefix}/etc'
target_alias=''

## ----------- ##
## confdefs.h. ##
## ----------- ##

/* confdefs.h */
#define PACKAGE_NAME ""
#define PACKAGE_TARNAME ""
#define PACKAGE_VERSION ""
#define PACKAGE_STRING ""
#define PACKAGE_BUGREPORT ""
#define PACKAGE_URL ""

configure: exit 0
